<?xml version="1.0" encoding="UTF-8"?>
<!-- Generated by org.testng.reporters.JUnitReportReporter -->
<testsuite hostname="CHMB106376" failures="0" tests="1" name="MyFirstClassTest" time="0.008" errors="0" timestamp="14 Jun 2023 19:25:51 GMT" skipped="0">
  <testcase classname="MyFirstClassTest" name="canAddTwoPlusTwo" time="0.008"/>
</testsuite> <!-- MyFirstClassTest -->
